
> vibe-generated-app@1.0.0 dev
> vite


  VITE v5.4.20  ready in 261 ms

  ➜  Local:   http://localhost:3000/
  ➜  Network: http://172.20.1.117:3000/
8:33:01 PM [vite] Pre-transform error: Transform failed with 1 error:
/home/workspace/src/Dashboard.jsx:254:20: ERROR: Expected "{" but found "["
8:33:02 PM [vite] Internal server error: Transform failed with 1 error:
/home/workspace/src/Dashboard.jsx:254:20: ERROR: Expected "{" but found "["
  Plugin: vite:esbuild
  File: /home/workspace/src/Dashboard.jsx:254:20
  
  Expected "{" but found "["
  252|            <SimpleTable
  253|              items={households.data}
  254|              columns=[
     |                      ^
  255|                { key: 'name', label: 'Name' },
  256|                { key: 'risk_profile', label: 'Risk' },
  
      at failureErrorWithLog (/home/workspace/node_modules/esbuild/lib/main.js:1472:15)
      at /home/workspace/node_modules/esbuild/lib/main.js:755:50
      at responseCallbacks.<computed> (/home/workspace/node_modules/esbuild/lib/main.js:622:9)
      at handleIncomingPacket (/home/workspace/node_modules/esbuild/lib/main.js:677:12)
      at Socket.readFromStdout (/home/workspace/node_modules/esbuild/lib/main.js:600:7)
      at Socket.emit (node:events:508:28)
      at addChunk (node:internal/streams/readable:559:12)
      at readableAddChunkPushByteMode (node:internal/streams/readable:510:3)
      at Readable.push (node:internal/streams/readable:390:5)
      at Pipe.onStreamRead (node:internal/stream_base_commons:189:23)
8:33:27 PM [vite] Internal server error: Transform failed with 1 error:
/home/workspace/src/Dashboard.jsx:254:20: ERROR: Expected "{" but found "["
  Plugin: vite:esbuild
  File: /home/workspace/src/Dashboard.jsx:254:20
  
  Expected "{" but found "["
  252|            <SimpleTable
  253|              items={households.data}
  254|              columns=[
     |                      ^
  255|                { key: 'name', label: 'Name' },
  256|                { key: 'risk_profile', label: 'Risk' },
  
      at failureErrorWithLog (/home/workspace/node_modules/esbuild/lib/main.js:1472:15)
      at /home/workspace/node_modules/esbuild/lib/main.js:755:50
      at responseCallbacks.<computed> (/home/workspace/node_modules/esbuild/lib/main.js:622:9)
      at handleIncomingPacket (/home/workspace/node_modules/esbuild/lib/main.js:677:12)
      at Socket.readFromStdout (/home/workspace/node_modules/esbuild/lib/main.js:600:7)
      at Socket.emit (node:events:508:28)
      at addChunk (node:internal/streams/readable:559:12)
      at readableAddChunkPushByteMode (node:internal/streams/readable:510:3)
      at Readable.push (node:internal/streams/readable:390:5)
      at Pipe.onStreamRead (node:internal/stream_base_commons:189:23)
